<?xml version="1.0" encoding="UTF-8"?>
<testsuite xmlns:xsi="http://www.w3.org/2001/XMLSchema-instance" xsi:noNamespaceSchemaLocation="https://maven.apache.org/surefire/maven-surefire-plugin/xsd/surefire-test-report-3.0.xsd" version="3.0" name="com.leapscholar.ticketing.TicketingApplicationTests" time="8.228" tests="1" errors="0" skipped="0" failures="0">
  <properties>
[...]
</properties>
  <testcase name="contextLoads" classname="com.leapscholar.ticketing.TicketingApplicationTests" time="0.529">
    <system-out><![CDATA[21:38:16.408 [main] INFO org.springframework.test.context.support.AnnotationConfigContextLoaderUtils -- Could not detect default configuration classes for test class [com.leapscholar.ticketing.TicketingApplicationTests]: TicketingApplicationTests does not declare any static, non-private, non-final, nested classes annotated with @Configuration.
21:38:16.552 [main] INFO org.springframework.boot.test.context.SpringBootTestContextBootstrapper -- Found @SpringBootConfiguration com.leapscholar.ticketing.TicketingApplication for test class com.leapscholar.ticketing.TicketingApplicationTests

  .   ____          _            __ _ _
 /\\ / ___'_ __ _ _(_)_ __  __ _ \ \ \ \
( ( )\___ | '_ | '_| | '_ \/ _` | \ \ \ \
 \\/  ___)| |_)| | | | | || (_| |  ) ) ) )
  '  |____| .__|_| |_|_| |_\__, | / / / /
 =========|_|==============|___/=/_/_/_/
 :: Spring Boot ::                (v3.2.5)

2026-05-03T21:38:17.209+05:30  INFO 17960 --- [ticketing-system] [           main] c.l.ticketing.TicketingApplicationTests  : Starting TicketingApplicationTests using Java 23.0.1 with PID 17960 (started by admin in C:\Users\admin\Downloads\ticketing-system123\ticketing-system\backend)
2026-05-03T21:38:17.209+05:30  INFO 17960 --- [ticketing-system] [           main] c.l.ticketing.TicketingApplicationTests  : The following 1 profile is active: "h2"
2026-05-03T21:38:18.458+05:30  INFO 17960 --- [ticketing-system] [           main] .s.d.r.c.RepositoryConfigurationDelegate : Bootstrapping Spring Data JPA repositories in DEFAULT mode.
2026-05-03T21:38:18.560+05:30  INFO 17960 --- [ticketing-system] [           main] .s.d.r.c.RepositoryConfigurationDelegate : Finished Spring Data repository scanning in 93 ms. Found 4 JPA repository interfaces.
2026-05-03T21:38:19.391+05:30  INFO 17960 --- [ticketing-system] [           main] o.hibernate.jpa.internal.util.LogHelper  : HHH000204: Processing PersistenceUnitInfo [name: default]
2026-05-03T21:38:19.504+05:30  INFO 17960 --- [ticketing-system] [           main] org.hibernate.Version                    : HHH000412: Hibernate ORM core version 6.4.4.Final
2026-05-03T21:38:19.565+05:30  INFO 17960 --- [ticketing-system] [           main] o.h.c.internal.RegionFactoryInitiator    : HHH000026: Second-level cache disabled
2026-05-03T21:38:19.993+05:30  INFO 17960 --- [ticketing-system] [           main] o.s.o.j.p.SpringPersistenceUnitInfo      : No LoadTimeWeaver setup: ignoring JPA class transformer
2026-05-03T21:38:20.026+05:30  INFO 17960 --- [ticketing-system] [           main] com.zaxxer.hikari.HikariDataSource       : HikariPool-1 - Starting...
2026-05-03T21:38:20.316+05:30  INFO 17960 --- [ticketing-system] [           main] com.zaxxer.hikari.pool.HikariPool        : HikariPool-1 - Added connection conn0: url=jdbc:h2:mem:ticketingdb user=SA
2026-05-03T21:38:20.318+05:30  INFO 17960 --- [ticketing-system] [           main] com.zaxxer.hikari.HikariDataSource       : HikariPool-1 - Start completed.
2026-05-03T21:38:20.372+05:30  WARN 17960 --- [ticketing-system] [           main] org.hibernate.orm.deprecation            : HHH90000025: H2Dialect does not need to be specified explicitly using 'hibernate.dialect' (remove the property setting and it will be selected by default)
2026-05-03T21:38:21.493+05:30  INFO 17960 --- [ticketing-system] [           main] o.h.e.t.j.p.i.JtaPlatformInitiator       : HHH000489: No JTA platform available (set 'hibernate.transaction.jta.platform' to enable JTA platform integration)
2026-05-03T21:38:21.561+05:30  INFO 17960 --- [ticketing-system] [           main] j.LocalContainerEntityManagerFactoryBean : Initialized JPA EntityManagerFactory for persistence unit 'default'
2026-05-03T21:38:22.184+05:30  INFO 17960 --- [ticketing-system] [           main] c.l.ticketing.service.AttachmentService  : Attachment storage initialised at C:\Users\admin\Downloads\ticketing-system123\ticketing-system\backend\uploads
2026-05-03T21:38:22.369+05:30  WARN 17960 --- [ticketing-system] [           main] JpaBaseConfiguration$JpaWebConfiguration : spring.jpa.open-in-view is enabled by default. Therefore, database queries may be performed during view rendering. Explicitly configure spring.jpa.open-in-view to disable this warning
2026-05-03T21:38:22.801+05:30  INFO 17960 --- [ticketing-system] [           main] o.s.s.web.DefaultSecurityFilterChain     : Will secure any request with [org.springframework.security.web.session.DisableEncodeUrlFilter@41623694, org.springframework.security.web.context.request.async.WebAsyncManagerIntegrationFilter@46d83ec4, org.springframework.security.web.context.SecurityContextHolderFilter@7c045627, org.springframework.security.web.header.HeaderWriterFilter@329a27ae, org.springframework.web.filter.CorsFilter@7baea18b, org.springframework.security.web.authentication.logout.LogoutFilter@2086f336, com.leapscholar.ticketing.security.JwtAuthFilter@1bca9b64, org.springframework.security.web.savedrequest.RequestCacheAwareFilter@51158fb1, org.springframework.security.web.servletapi.SecurityContextHolderAwareRequestFilter@62682ece, org.springframework.security.web.authentication.AnonymousAuthenticationFilter@2ccb8db3, org.springframework.security.web.session.SessionManagementFilter@65528bcf, org.springframework.security.web.access.ExceptionTranslationFilter@31b6eec8, org.springframework.security.web.access.intercept.AuthorizationFilter@1a13b5c1]
2026-05-03T21:38:23.125+05:30  INFO 17960 --- [ticketing-system] [           main] o.s.b.a.h2.H2ConsoleAutoConfiguration    : H2 console available at '/h2-console'. Database available at 'jdbc:h2:mem:ticketingdb'
2026-05-03T21:38:23.221+05:30  INFO 17960 --- [ticketing-system] [           main] c.l.ticketing.TicketingApplicationTests  : Started TicketingApplicationTests in 6.455 seconds (process running for 7.76)
2026-05-03T21:38:23.870+05:30  INFO 17960 --- [ticketing-system] [           main] c.l.ticketing.config.DataSeeder          : DataSeeder: created admin/agent/user demo accounts and 2 sample tickets.
2026-05-03T21:38:23.870+05:30  INFO 17960 --- [ticketing-system] [           main] c.l.ticketing.config.DataSeeder          : Logins -> admin@demo.com / Admin@123 | agent@demo.com / Agent@123 | user@demo.com / User@123
]]></system-out>
    <system-err><![CDATA[WARNING: A Java agent has been loaded dynamically (C:\Users\admin\.m2\repository\net\bytebuddy\byte-buddy-agent\1.14.13\byte-buddy-agent-1.14.13.jar)
WARNING: If a serviceability tool is in use, please run with -XX:+EnableDynamicAgentLoading to hide this warning
WARNING: If a serviceability tool is not in use, please run with -Djdk.instrument.traceUsage for more information
WARNING: Dynamic loading of agents will be disallowed by default in a future release
]]></system-err>
  </testcase>
</testsuite>